<?xml version="1.0" encoding="UTF-8"?>
<!-- Generated by org.testng.reporters.JUnitXMLReporter -->
<testsuite ignored="0" hostname="LAPTOP-2HGEEQ1S" failures="0" tests="4" name="Test" time="114.79" errors="0" timestamp="2022-04-25T15:44:24 IST">
  <testcase classname="fullFramework.ValidationsLandingpg" name="validTitle" time="0.061"/>
  <testcase classname="fullFramework.ValidationsLandingpg" name="validnav" time="0.229"/>
  <testcase classname="fullFramework.Homepage" name="home" time="51.177"/>
  <testcase classname="fullFramework.Homepage" name="home" time="24.294"/>
</testsuite> <!-- Test -->
