<?xml version="1.0" encoding="UTF-8"?>
<!-- Generated by org.testng.reporters.JUnitXMLReporter -->
<testsuite ignored="0" hostname="LAPTOP-2HGEEQ1S" failures="1" tests="2" name="Validations" time="69.945" errors="0" timestamp="2022-04-28T16:13:52 IST">
  <testcase classname="fullFramework.ValidationsLandingpg" name="validTitle" time="0.793">
    <failure type="java.lang.AssertionError" message="expected [FEATURED COURSES123] but found [FEATURED COURSES]">
      <![CDATA[java.lang.AssertionError: expected [FEATURED COURSES123] but found [FEATURED COURSES]
at fullFramework.ValidationsLandingpg.validTitle(ValidationsLandingpg.java:42)
at java.base/java.util.ArrayList.forEach(ArrayList.java:1541)
at java.base/java.util.concurrent.FutureTask.run(FutureTask.java:264)
at java.base/java.util.concurrent.ThreadPoolExecutor.runWorker(ThreadPoolExecutor.java:1128)
at java.base/java.util.concurrent.ThreadPoolExecutor$Worker.run(ThreadPoolExecutor.java:628)
at java.base/java.lang.Thread.run(Thread.java:834)
... Removed 24 stack frames]]>
    </failure>
  </testcase> <!-- validTitle -->
  <testcase classname="fullFramework.ValidationsLandingpg" name="validnav" time="0.317"/>
</testsuite> <!-- Validations -->
