<?xml version="1.0" encoding="UTF-8"?>
<!-- Generated by org.testng.reporters.JUnitXMLReporter -->
<testsuite ignored="0" hostname="LAPTOP-2HGEEQ1S" failures="0" tests="4" name="Test" time="114.486" errors="0" timestamp="2022-04-26T12:28:37 IST">
  <testcase classname="fullFramework.ValidationsLandingpg" name="validTitle" time="0.084"/>
  <testcase classname="fullFramework.ValidationsLandingpg" name="validnav" time="0.134"/>
  <testcase classname="fullFramework.Homepage" name="home" time="41.249"/>
  <testcase classname="fullFramework.Homepage" name="home" time="24.127"/>
</testsuite> <!-- Test -->
